<?xml version="1.0" encoding="UTF-8"?>
<!-- Generated by org.testng.reporters.JUnitReportReporter -->
<testsuite skipped="0" hostname="LAPTOP-59L689B8" name="com.practise.DataProviderUsage" tests="5" failures="0" timestamp="2021-01-22T23:18:08 IST" time="51.511" errors="0">
  <testcase name="bookTicket" time="10.846" classname="com.practise.DataProviderUsage"/>
  <system-out/>
  <testcase name="bookTicket" time="11.531" classname="com.practise.DataProviderUsage"/>
  <system-out/>
  <testcase name="bookTicket" time="11.338" classname="com.practise.DataProviderUsage"/>
  <system-out/>
  <testcase name="bookTicket" time="11.088" classname="com.practise.DataProviderUsage"/>
  <system-out/>
  <testcase name="bookTicket" time="6.708" classname="com.practise.DataProviderUsage"/>
  <system-out/>
</testsuite> <!-- com.practise.DataProviderUsage -->
