<?xml version="1.0" encoding="UTF-8"?>
<!-- Generated by org.testng.reporters.JUnitReportReporter -->
<testsuite skipped="0" hostname="LAPTOP-59L689B8" name="aws.practise.ParallelExecution" tests="3" failures="0" timestamp="2021-02-03T21:14:08 IST" time="42.782" errors="0">
  <testcase name="browserRun" time="10.242" classname="aws.practise.ParallelExecution"/>
  <system-out/>
  <testcase name="browserRun" time="11.735" classname="aws.practise.ParallelExecution"/>
  <system-out/>
  <testcase name="browserRun" time="20.805" classname="aws.practise.ParallelExecution"/>
  <system-out/>
</testsuite> <!-- aws.practise.ParallelExecution -->
