<?xml version="1.0" encoding="UTF-8"?>
<!-- Generated by org.testng.reporters.JUnitReportReporter -->
<testsuite skipped="0" hostname="LAPTOP-59L689B8" name="aws.practise.BrowserStack1" tests="1" failures="0" timestamp="2021-02-03T20:21:37 IST" time="11.314" errors="0">
  <testcase name="browserRun" time="11.314" classname="aws.practise.BrowserStack1"/>
  <system-out/>
</testsuite> <!-- aws.practise.BrowserStack1 -->
