<?xml version="1.0" encoding="UTF-8"?>
<!-- Generated by org.testng.reporters.JUnitReportReporter -->
<testsuite skipped="0" hostname="LAPTOP-59L689B8" name="aws.practise.Practise1" tests="1" failures="0" timestamp="2021-02-03T19:16:09 IST" time="147.831" errors="0">
  <testcase name="remoteExecution" time="147.831" classname="aws.practise.Practise1"/>
  <system-out/>
</testsuite> <!-- aws.practise.Practise1 -->
