<?xml version="1.0" encoding="UTF-8"?>
<!-- Generated by org.testng.reporters.JUnitReportReporter -->
<testsuite skipped="0" hostname="LAPTOP-59L689B8" name="com.practise.CalendarPopUpToSelectFutureDate" tests="1" failures="0" timestamp="2021-01-23T00:02:47 IST" time="8.463" errors="0">
  <testcase name="selectFutureDate" time="8.463" classname="com.practise.CalendarPopUpToSelectFutureDate"/>
  <system-out/>
</testsuite> <!-- com.practise.CalendarPopUpToSelectFutureDate -->
