<?xml version="1.0" encoding="UTF-8"?>
<!-- Generated by org.testng.reporters.JUnitReportReporter -->
<testsuite skipped="0" hostname="LAPTOP-59L689B8" name="com.practise.SendAmount2" tests="1" failures="0" timestamp="2021-01-22T20:40:10 IST" time="5.700" errors="0">
  <testcase name="sendAmount" time="5.700" classname="com.practise.SendAmount2"/>
  <system-out/>
</testsuite> <!-- com.practise.SendAmount2 -->
