<?xml version="1.0" encoding="UTF-8"?>
<!-- Generated by org.testng.reporters.JUnitReportReporter -->
<testsuite skipped="0" hostname="LAPTOP-59L689B8" name="assignments.MakeMyTrip" tests="1" failures="0" timestamp="2021-01-24T20:28:55 IST" time="9.955" errors="0">
  <testcase name="bookFlight" time="9.955" classname="assignments.MakeMyTrip"/>
  <system-out/>
</testsuite> <!-- assignments.MakeMyTrip -->
