<?xml version="1.0" encoding="UTF-8"?>
<!-- Generated by org.testng.reporters.JUnitReportReporter -->
<testsuite skipped="0" hostname="LAPTOP-59L689B8" name="assignments.LeadModule" tests="1" failures="0" timestamp="2021-01-27T10:11:51 IST" time="21.771" errors="0">
  <testcase name="createLeadTest" time="21.771" classname="assignments.LeadModule"/>
  <system-out/>
</testsuite> <!-- assignments.LeadModule -->
