<?xml version="1.0" encoding="UTF-8"?>
<!-- Generated by org.testng.reporters.JUnitReportReporter -->
<testsuite skipped="0" hostname="LAPTOP-59L689B8" name="com.practise.DynamicXpath_calendarPopUp2" tests="1" failures="0" timestamp="2021-01-22T22:38:39 IST" time="8.034" errors="0">
  <testcase name="bookTicket" time="8.034" classname="com.practise.DynamicXpath_calendarPopUp2"/>
  <system-out/>
</testsuite> <!-- com.practise.DynamicXpath_calendarPopUp2 -->
