<?xml version="1.0" encoding="UTF-8"?>
<!-- Generated by org.testng.reporters.JUnitReportReporter -->
<testsuite skipped="0" hostname="LAPTOP-59L689B8" name="assignments.CreateQuote" tests="1" failures="0" timestamp="2021-01-26T18:38:45 IST" time="36.761" errors="0">
  <testcase name="CreateQuoteTest" time="36.761" classname="assignments.CreateQuote"/>
  <system-out>
quote14 sucessfully created  </system-out>
</testsuite> <!-- assignments.CreateQuote -->
