<?xml version="1.0" encoding="UTF-8"?>
<!-- Generated by org.testng.reporters.JUnitReportReporter -->
<testsuite skipped="0" hostname="Pinku" name="testscripts.TC002" tests="1" failures="0" timestamp="2020-12-27T14:48:02 IST" time="50.564" errors="0">
  <testcase name="testToDeletAddedProductFromODP" time="50.564" classname="testscripts.TC002"/>
  <system-out/>
</testsuite> <!-- testscripts.TC002 -->
