<?xml version="1.0" encoding="UTF-8"?>
<!-- Generated by org.testng.reporters.JUnitReportReporter -->
<testsuite skipped="0" hostname="Pinku" name="testscripts.TC001" tests="1" failures="0" timestamp="2020-12-28T17:29:29 IST" time="35.318" errors="0">
  <testcase name="testAddingProductToKart" time="35.318" classname="testscripts.TC001"/>
  <system-out/>
</testsuite> <!-- testscripts.TC001 -->
