<?xml version="1.0" encoding="UTF-8"?>
<!-- Generated by org.testng.reporters.JUnitReportReporter -->
<testsuite skipped="0" hostname="LAPTOP-59L689B8" name="com.vtiger.productsModule.ProductTest" tests="1" failures="0" timestamp="2021-02-05T08:04:15 IST" time="103.893" errors="0">
  <testcase name="createProductTest" time="103.893" classname="com.vtiger.productsModule.ProductTest"/>
  <system-out/>
</testsuite> <!-- com.vtiger.productsModule.ProductTest -->
