<?xml version="1.0" encoding="UTF-8"?>
<!-- Generated by org.testng.reporters.JUnitReportReporter -->
<testsuite skipped="0" hostname="LAPTOP-59L689B8" name="com.vtiger.productsModule.ProductTest" tests="1" failures="0" timestamp="2021-02-02T20:41:39 IST" time="19.648" errors="0">
  <testcase name="createProductTest" time="19.648" classname="com.vtiger.productsModule.ProductTest"/>
  <system-out/>
</testsuite> <!-- com.vtiger.productsModule.ProductTest -->
