<?xml version="1.0" encoding="UTF-8"?>
<!-- Generated by org.testng.reporters.JUnitReportReporter -->
<testsuite skipped="0" hostname="LAPTOP-59L689B8" name="com.actitime.generic.CustomerModule" tests="1" failures="0" timestamp="2021-01-10T08:13:32 IST" time="17.461" errors="0">
  <testcase name="createCustomer" time="17.461" classname="com.actitime.generic.CustomerModule"/>
  <system-out/>
</testsuite> <!-- com.actitime.generic.CustomerModule -->
