<?xml version="1.0" encoding="UTF-8"?>
<!-- Generated by org.testng.reporters.JUnitReportReporter -->
<testsuite skipped="0" hostname="LAPTOP-59L689B8" name="com.actitime.testscripts.CreateCustomer" tests="1" failures="0" timestamp="2021-01-13T17:01:21 IST" time="16.233" errors="0">
  <testcase name="testCreateCustomer" time="16.233" classname="com.actitime.testscripts.CreateCustomer"/>
  <system-out/>
</testsuite> <!-- com.actitime.testscripts.CreateCustomer -->
