<?xml version="1.0" encoding="UTF-8"?>
<!-- Generated by org.testng.reporters.JUnitReportReporter -->
<testsuite skipped="0" hostname="LAPTOP-59L689B8" name="com.actitime.testscripts.CreateUser" tests="1" failures="0" timestamp="2021-01-13T17:40:53 IST" time="33.582" errors="0">
  <testcase name="testCreateUser" time="33.582" classname="com.actitime.testscripts.CreateUser"/>
  <system-out/>
</testsuite> <!-- com.actitime.testscripts.CreateUser -->
